Dr. Memory version 1.8.0 build 8 built on Sep  9 2014 16:27:02
Dr. Memory results for pid 11604: "rare.exe"
Application cmdline: "C:\Users\Lenovo\Desktop\gagnaskipan-lectures\valgrind\rare.exe"
Recorded 108 suppression(s) from default C:\Program Files (x86)\Dr. Memory\bin\suppress-default.txt

Error #1: INVALID HEAP ARGUMENT: allocated with operator new[], freed with operator delete
# 0 replace_operator_delete               [d:\drmemory_package\common\alloc_replace.c:2684]
# 1 main                                  [C:/Users/Lenovo/Desktop/gagnaskipan-lectures/valgrind/rare.cpp:7]
Note: @0:00:00.396 in thread 11100
Note: memory was allocated here:
Note: # 0 replace_operator_new_array               [d:\drmemory_package\common\alloc_replace.c:2638]
Note: # 1 main                                     [C:/Users/Lenovo/Desktop/gagnaskipan-lectures/valgrind/rare.cpp:6]

Error #2: WARNING: heap allocation failed
# 0 replace_operator_new_array               [d:\drmemory_package\common\alloc_replace.c:2638]
# 1 main                                     [C:/Users/Lenovo/Desktop/gagnaskipan-lectures/valgrind/rare.cpp:8]
Note: @0:00:00.397 in thread 11100

===========================================================================
FINAL SUMMARY:

DUPLICATE ERROR COUNTS:

SUPPRESSIONS USED:

ERRORS FOUND:
      0 unique,     0 total unaddressable access(es)
      0 unique,     0 total uninitialized access(es)
      1 unique,     1 total invalid heap argument(s)
      0 unique,     0 total GDI usage error(s)
      0 unique,     0 total handle leak(s)
      1 unique,     1 total warning(s)
      0 unique,     0 total,      0 byte(s) of leak(s)
      0 unique,     0 total,      0 byte(s) of possible leak(s)
ERRORS IGNORED:
      2 potential error(s) (suspected false positives)
         (details: C:\Users\Lenovo\AppData\Roaming\Dr. Memory\DrMemory-rare.exe.11604.000\potential_errors.txt)
      0 unique,     0 total,      0 byte(s) of still-reachable allocation(s)
         (re-run with "-show_reachable" for details)
Details: C:\Users\Lenovo\AppData\Roaming\Dr. Memory\DrMemory-rare.exe.11604.000\results.txt
