==9003== Memcheck, a memory error detector
==9003== Copyright (C) 2002-2013, and GNU GPL'd, by Julian Seward et al.
==9003== Using Valgrind-3.10.1 and LibVEX; rerun with -h for copyright info
==9003== Command: ./a.out
==9003== 
==9003== 
==9003== HEAP SUMMARY:
==9003==     in use at exit: 32 bytes in 2 blocks
==9003==   total heap usage: 4 allocs, 2 frees, 64 bytes allocated
==9003== 
==9003== 16 bytes in 1 blocks are definitely lost in loss record 1 of 2
==9003==    at 0x4C2A4F0: operator new(unsigned long) (in /usr/lib/valgrind/vgpreload_memcheck-amd64-linux.so)
==9003==    by 0x4009E4: IntStack::push(int) (subtle_memory_leak.cpp:68)
==9003==    by 0x400AF1: main (subtle_memory_leak.cpp:96)
==9003== 
==9003== 16 bytes in 1 blocks are definitely lost in loss record 2 of 2
==9003==    at 0x4C2A4F0: operator new(unsigned long) (in /usr/lib/valgrind/vgpreload_memcheck-amd64-linux.so)
==9003==    by 0x4009E4: IntStack::push(int) (subtle_memory_leak.cpp:68)
==9003==    by 0x400B0E: main (subtle_memory_leak.cpp:98)
==9003== 
==9003== LEAK SUMMARY:
==9003==    definitely lost: 32 bytes in 2 blocks
==9003==    indirectly lost: 0 bytes in 0 blocks
==9003==      possibly lost: 0 bytes in 0 blocks
==9003==    still reachable: 0 bytes in 0 blocks
==9003==         suppressed: 0 bytes in 0 blocks
==9003== 
==9003== For counts of detected and suppressed errors, rerun with: -v
==9003== ERROR SUMMARY: 2 errors from 2 contexts (suppressed: 0 from 0)
